Linked: (/home/user/robotic-systems-control/task1/dinogenerator_ws/devel/.private/dinogenerator/include/dinogenerator/GenerateDinoResponse.h, /home/user/robotic-systems-control/task1/dinogenerator_ws/devel/include/dinogenerator/GenerateDinoResponse.h)
Linked: (/home/user/robotic-systems-control/task1/dinogenerator_ws/devel/.private/dinogenerator/include/dinogenerator/GenerateDinoRequest.h, /home/user/robotic-systems-control/task1/dinogenerator_ws/devel/include/dinogenerator/GenerateDinoRequest.h)
Linked: (/home/user/robotic-systems-control/task1/dinogenerator_ws/devel/.private/dinogenerator/include/dinogenerator/GenerateDino.h, /home/user/robotic-systems-control/task1/dinogenerator_ws/devel/include/dinogenerator/GenerateDino.h)
Linked: (/home/user/robotic-systems-control/task1/dinogenerator_ws/devel/.private/dinogenerator/lib/pkgconfig/dinogenerator.pc, /home/user/robotic-systems-control/task1/dinogenerator_ws/devel/lib/pkgconfig/dinogenerator.pc)
Linked: (/home/user/robotic-systems-control/task1/dinogenerator_ws/devel/.private/dinogenerator/lib/python3/dist-packages/dinogenerator/__init__.py, /home/user/robotic-systems-control/task1/dinogenerator_ws/devel/lib/python3/dist-packages/dinogenerator/__init__.py)
Linked: (/home/user/robotic-systems-control/task1/dinogenerator_ws/devel/.private/dinogenerator/lib/python3/dist-packages/dinogenerator/srv/_GenerateDino.py, /home/user/robotic-systems-control/task1/dinogenerator_ws/devel/lib/python3/dist-packages/dinogenerator/srv/_GenerateDino.py)
Linked: (/home/user/robotic-systems-control/task1/dinogenerator_ws/devel/.private/dinogenerator/lib/python3/dist-packages/dinogenerator/srv/__init__.py, /home/user/robotic-systems-control/task1/dinogenerator_ws/devel/lib/python3/dist-packages/dinogenerator/srv/__init__.py)
Symlinking /home/user/robotic-systems-control/task1/dinogenerator_ws/devel/lib/dinogenerator/server
Linked: (/home/user/robotic-systems-control/task1/dinogenerator_ws/devel/.private/dinogenerator/share/common-lisp/ros/dinogenerator/srv/GenerateDino.lisp, /home/user/robotic-systems-control/task1/dinogenerator_ws/devel/share/common-lisp/ros/dinogenerator/srv/GenerateDino.lisp)
Linked: (/home/user/robotic-systems-control/task1/dinogenerator_ws/devel/.private/dinogenerator/share/common-lisp/ros/dinogenerator/srv/dinogenerator-srv.asd, /home/user/robotic-systems-control/task1/dinogenerator_ws/devel/share/common-lisp/ros/dinogenerator/srv/dinogenerator-srv.asd)
Linked: (/home/user/robotic-systems-control/task1/dinogenerator_ws/devel/.private/dinogenerator/share/common-lisp/ros/dinogenerator/srv/_package.lisp, /home/user/robotic-systems-control/task1/dinogenerator_ws/devel/share/common-lisp/ros/dinogenerator/srv/_package.lisp)
Linked: (/home/user/robotic-systems-control/task1/dinogenerator_ws/devel/.private/dinogenerator/share/common-lisp/ros/dinogenerator/srv/_package_GenerateDino.lisp, /home/user/robotic-systems-control/task1/dinogenerator_ws/devel/share/common-lisp/ros/dinogenerator/srv/_package_GenerateDino.lisp)
Linked: (/home/user/robotic-systems-control/task1/dinogenerator_ws/devel/.private/dinogenerator/share/dinogenerator/cmake/dinogenerator-msg-extras.cmake, /home/user/robotic-systems-control/task1/dinogenerator_ws/devel/share/dinogenerator/cmake/dinogenerator-msg-extras.cmake)
Linked: (/home/user/robotic-systems-control/task1/dinogenerator_ws/devel/.private/dinogenerator/share/dinogenerator/cmake/dinogeneratorConfig.cmake, /home/user/robotic-systems-control/task1/dinogenerator_ws/devel/share/dinogenerator/cmake/dinogeneratorConfig.cmake)
Linked: (/home/user/robotic-systems-control/task1/dinogenerator_ws/devel/.private/dinogenerator/share/dinogenerator/cmake/dinogenerator-msg-paths.cmake, /home/user/robotic-systems-control/task1/dinogenerator_ws/devel/share/dinogenerator/cmake/dinogenerator-msg-paths.cmake)
Linked: (/home/user/robotic-systems-control/task1/dinogenerator_ws/devel/.private/dinogenerator/share/dinogenerator/cmake/dinogeneratorConfig-version.cmake, /home/user/robotic-systems-control/task1/dinogenerator_ws/devel/share/dinogenerator/cmake/dinogeneratorConfig-version.cmake)
Linked: (/home/user/robotic-systems-control/task1/dinogenerator_ws/devel/.private/dinogenerator/share/gennodejs/ros/dinogenerator/_index.js, /home/user/robotic-systems-control/task1/dinogenerator_ws/devel/share/gennodejs/ros/dinogenerator/_index.js)
Linked: (/home/user/robotic-systems-control/task1/dinogenerator_ws/devel/.private/dinogenerator/share/gennodejs/ros/dinogenerator/srv/GenerateDino.js, /home/user/robotic-systems-control/task1/dinogenerator_ws/devel/share/gennodejs/ros/dinogenerator/srv/GenerateDino.js)
Linked: (/home/user/robotic-systems-control/task1/dinogenerator_ws/devel/.private/dinogenerator/share/gennodejs/ros/dinogenerator/srv/_index.js, /home/user/robotic-systems-control/task1/dinogenerator_ws/devel/share/gennodejs/ros/dinogenerator/srv/_index.js)
Linked: (/home/user/robotic-systems-control/task1/dinogenerator_ws/devel/.private/dinogenerator/share/roseus/ros/dinogenerator/manifest.l, /home/user/robotic-systems-control/task1/dinogenerator_ws/devel/share/roseus/ros/dinogenerator/manifest.l)
Linked: (/home/user/robotic-systems-control/task1/dinogenerator_ws/devel/.private/dinogenerator/share/roseus/ros/dinogenerator/srv/GenerateDino.l, /home/user/robotic-systems-control/task1/dinogenerator_ws/devel/share/roseus/ros/dinogenerator/srv/GenerateDino.l)
